<?xml version="1.0" encoding="UTF-8"?>
<!-- Generated by org.testng.reporters.JUnitReportReporter -->
<testsuite hostname="DESKTOP-IP3P31F" failures="0" tests="1" name="test.NewTest2" time="0.009" errors="0" timestamp="2021-02-28T12:36:51 IST" skipped="0">
  <testcase classname="test.NewTest2" name="firstTest" time="0.009"/>
  <system-out/>
</testsuite> <!-- test.NewTest2 -->
